<?xml version="1.0" encoding="UTF-8"?>
<!-- Generated by org.testng.reporters.JUnitReportReporter -->
<testsuite hostname="LAPTOP-D2JMKFA9" failures="0" tests="3" name="testngExamples.FirstTestcase" time="0.011" errors="0" timestamp="2025-04-16T17:15:02 IST" skipped="0">
  <testcase classname="testngExamples.FirstTestcase" name="openApp" time="0.009"/>
  <testcase classname="testngExamples.FirstTestcase" name="login" time="0.001"/>
  <testcase classname="testngExamples.FirstTestcase" name="logout" time="0.001"/>
</testsuite> <!-- testngExamples.FirstTestcase -->
