<?xml version="1.0" encoding="UTF-8"?>
<!-- Generated by org.testng.reporters.JUnitReportReporter -->
<testsuite hostname="LAPTOP-D2JMKFA9" failures="0" tests="2" name="testngExamples.AnnotationsClass" time="0.016" errors="0" timestamp="2025-04-16T17:46:33 IST" skipped="0">
  <testcase classname="testngExamples.AnnotationsClass" name="search" time="0.014"/>
  <testcase classname="testngExamples.AnnotationsClass" name="advsearch" time="0.002"/>
</testsuite> <!-- testngExamples.AnnotationsClass -->
