<?xml version="1.0" encoding="UTF-8"?>
<!-- Generated by org.testng.reporters.JUnitReportReporter -->
<testsuite hostname="LAPTOP-D2JMKFA9" failures="0" tests="4" name="testngExamples.OrangeHRM" time="10.362" errors="0" timestamp="2025-04-16T17:15:02 IST" skipped="0">
  <testcase classname="testngExamples.OrangeHRM" name="openApp" time="7.752"/>
  <testcase classname="testngExamples.OrangeHRM" name="testLogo" time="0.817"/>
  <testcase classname="testngExamples.OrangeHRM" name="testLogin" time="1.568"/>
  <testcase classname="testngExamples.OrangeHRM" name="closeApp" time="0.225"/>
</testsuite> <!-- testngExamples.OrangeHRM -->
