<?xml version="1.0" encoding="UTF-8"?>
<!-- Generated by org.testng.reporters.JUnitReportReporter -->
<testsuite hostname="LAPTOP-D2JMKFA9" failures="0" tests="1" name="com.seleniumwithtestng.base.Baseclass" time="7.245" errors="0" timestamp="2025-02-19T19:08:23 IST" skipped="0">
  <testcase classname="com.seleniumwithtestng.base.Baseclass" name="openBrowser" time="7.245"/>
</testsuite> <!-- com.seleniumwithtestng.base.Baseclass -->
