<?xml version="1.0" encoding="UTF-8"?>
<!-- Generated by org.testng.reporters.JUnitReportReporter -->
<testsuite hostname="LAPTOP-D2JMKFA9" failures="0" tests="1" name="com.seleniumwithtestng.pages.Practice" time="5.076" errors="0" timestamp="2025-03-18T12:44:44 IST" skipped="0">
  <testcase classname="com.seleniumwithtestng.pages.Practice" name="test" time="5.076"/>
</testsuite> <!-- com.seleniumwithtestng.pages.Practice -->
