<?xml version="1.0" encoding="UTF-8"?>
<!-- Generated by org.testng.reporters.JUnitReportReporter -->
<testsuite hostname="LAPTOP-D2JMKFA9" failures="0" tests="2" name="annotationExamples.AnnotationsClass" time="0.017" errors="0" timestamp="2025-04-16T22:39:49 IST" skipped="0">
  <testcase classname="annotationExamples.AnnotationsClass" name="search" time="0.015"/>
  <testcase classname="annotationExamples.AnnotationsClass" name="advsearch" time="0.002"/>
</testsuite> <!-- annotationExamples.AnnotationsClass -->
