<?xml version="1.0" encoding="UTF-8"?>
<!-- Generated by org.testng.reporters.JUnitReportReporter -->
<testsuite hostname="LAPTOP-D2JMKFA9" failures="0" tests="4" name="annotationExamples.AnnotationsClass3" time="0.013" errors="0" timestamp="2025-04-16T23:28:00 IST" skipped="0">
  <testcase classname="annotationExamples.AnnotationsClass3" name="t1" time="0.001"/>
  <testcase classname="annotationExamples.AnnotationsClass3" name="t" time="0.002"/>
  <testcase classname="annotationExamples.AnnotationsClass3" name="t1" time="0.003"/>
  <testcase classname="annotationExamples.AnnotationsClass3" name="t" time="0.007"/>
</testsuite> <!-- annotationExamples.AnnotationsClass3 -->
